15:19:48 **** Incremental Build of configuration Simulator-Debug for project FewItems ****
make -j3 Simulator-Debug 
make -C .//translations -f Makefile update
make[1]: Entering directory `/Users/diegomartin/Development/GitHub/BlackBerryDevUSAL/FewItems/translations'
/Applications/Momentics.app/host_10_2_0_15/darwin/x86/usr/bin/lupdate FewItems.pro
Updating 'FewItems.ts'...
    Found 3 source text(s) (0 new and 3 already existing)
make[1]: Leaving directory `/Users/diegomartin/Development/GitHub/BlackBerryDevUSAL/FewItems/translations'
make -C .//translations -f Makefile release
make[1]: Entering directory `/Users/diegomartin/Development/GitHub/BlackBerryDevUSAL/FewItems/translations'
/Applications/Momentics.app/host_10_2_0_15/darwin/x86/usr/bin/lrelease FewItems.pro
Updating '/Users/diegomartin/Development/GitHub/BlackBerryDevUSAL/FewItems/translations/FewItems.qm'...
    Generated 0 translation(s) (0 finished and 0 unfinished)
    Ignored 3 untranslated source text(s)
make[1]: Leaving directory `/Users/diegomartin/Development/GitHub/BlackBerryDevUSAL/FewItems/translations'
make -C ./x86 -f Makefile debug
make[1]: Entering directory `/Users/diegomartin/Development/GitHub/BlackBerryDevUSAL/FewItems/x86'
make -f Makefile.Debug
make[2]: Entering directory `/Users/diegomartin/Development/GitHub/BlackBerryDevUSAL/FewItems/x86'
make[2]: Nothing to be done for `first'.
make[2]: Leaving directory `/Users/diegomartin/Development/GitHub/BlackBerryDevUSAL/FewItems/x86'
make[1]: Leaving directory `/Users/diegomartin/Development/GitHub/BlackBerryDevUSAL/FewItems/x86'

15:19:54 Build Finished (took 5s.890ms)

