15:19:48 **** Incremental Build of configuration Simulator-Debug for project FewItems ****
make -j3 Simulator-Debug 
make -C .//translations -f Makefile update
make[1]: Entering directory `/Users/diegomartin/Development/GitHub/BlackBerryDevUSAL/FewItems/translations'
/Applications/Momentics.app/host_10_2_0_15/darwin/x86/usr/bin/lupdate FewItems.pro
Updating 'FewItems.ts'...
    Found 3 source text(s) (0 new and 3 already existing)
make[1]: Leaving directory `/Users/diegomartin/Development/GitHub/BlackBerryDevUSAL/FewItems/translations'
make -C .//translations -f Makefile release
make[1]: Entering directory `/Users/diegomartin/Development/GitHub/BlackBerryDevUSAL/FewItems/translations'
/Applications/Momentics.app/host_10_2_0_15/darwin/x86/usr/bin/lrelease FewItems.pro
Updating '/Users/diegomartin/Development/GitHub/BlackBerryDevUSAL/FewItems/translations/FewItems.qm'...
    Generated 0 translation(s) (0 finished and 0 unfinished)
    Ignored 3 untranslated source text(s)
make[1]: Leaving directory `/Users/diegomartin/Development/GitHub/BlackBerryDevUSAL/FewItems/translations'
make -C ./x86 -f Makefile debug
make[1]: Entering directory `/Users/diegomartin/Development/GitHub/BlackBerryDevUSAL/FewItems/x86'
make -f Makefile.Debug
make[2]: Entering directory `/Users/diegomartin/Development/GitHub/BlackBerryDevUSAL/FewItems/x86'
make[2]: Nothing to be done for `first'.
make[2]: Leaving directory `/Users/diegomartin/Development/GitHub/BlackBerryDevUSAL/FewItems/x86'
make[1]: Leaving directory `/Users/diegomartin/Development/GitHub/BlackBerryDevUSAL/FewItems/x86'
16:25:37 **** Build of configuration Device-Debug for project Utilidades2 ****
make -j3 Device-Debug 
make -C .//translations -f Makefile update
cd arm && /Applications/Momentics.app/host_10_2_0_15/darwin/x86/usr/bin/qmake -spec blackberry-armv7le-qcc ../Utilidades2.pro CONFIG+=debug_and_release CONFIG+=device
make[1]: Entering directory `/Users/diegomartin/Development/GitHub/BlackBerryDevUSAL/Utilidades2/translations'
/Applications/Momentics.app/host_10_2_0_15/darwin/x86/usr/bin/lupdate Utilidades2.pro
Updating 'Utilidades2.ts'...
    Found 4 source text(s) (4 new and 0 already existing)
make[1]: Leaving directory `/Users/diegomartin/Development/GitHub/BlackBerryDevUSAL/Utilidades2/translations'
make -C .//translations -f Makefile release
make[1]: Entering directory `/Users/diegomartin/Development/GitHub/BlackBerryDevUSAL/Utilidades2/translations'
/Applications/Momentics.app/host_10_2_0_15/darwin/x86/usr/bin/lrelease Utilidades2.pro
Updating '/Users/diegomartin/Development/GitHub/BlackBerryDevUSAL/Utilidades2/translations/Utilidades2.qm'...
    Generated 0 translation(s) (0 finished and 0 unfinished)
    Ignored 4 untranslated source text(s)
make[1]: Leaving directory `/Users/diegomartin/Development/GitHub/BlackBerryDevUSAL/Utilidades2/translations'
make -C ./arm -f Makefile debug
make[1]: Entering directory `/Users/diegomartin/Development/GitHub/BlackBerryDevUSAL/Utilidades2/arm'
make -f Makefile.Debug
make[2]: Entering directory `/Users/diegomartin/Development/GitHub/BlackBerryDevUSAL/Utilidades2/arm'
/Applications/Momentics.app/host_10_2_0_15/darwin/x86/usr/bin/moc -DQT_NO_IMPORT_QT47_QML -DQ_OS_BLACKBERRY -DQT_DECLARATIVE_DEBUG -DQT_DECLARATIVE_LIB -DQT_CORE_LIB -DQT_SHARED -I/Applications/Momentics.app/target_10_2_0_1155/qnx6/usr/share/qt4/mkspecs/blackberry-armv7le-qcc -I../../Utilidades2 -I/Applications/Momentics.app/target_10_2_0_1155/qnx6/usr/include/qt4/QtCore -I/Applications/Momentics.app/target_10_2_0_1155/qnx6/usr/include/qt4/QtDeclarative -I/Applications/Momentics.app/target_10_2_0_1155/qnx6/usr/include/qt4 -I../src -Io.le-v7-g/.moc -I/Applications/Momentics.app/target_10_2_0_1155/qnx6/usr/include -I/Applications/Momentics.app/target_10_2_0_1155/qnx6/usr/include/freetype2 -I. -D__QNXNTO__ ../src/applicationui.hpp -o o.le-v7-g/.moc/moc_applicationui.cpp
qcc -Vgcc_ntoarmv7le -Wno-psabi -lang-c++ -fstack-protector -fstack-protector-all -mcpu=cortex-a9 -g -Wno-psabi -Wall -W -D_REENTRANT -DQT_NO_IMPORT_QT47_QML -DQ_OS_BLACKBERRY -DQT_DECLARATIVE_DEBUG -DQT_DECLARATIVE_LIB -DQT_CORE_LIB -DQT_SHARED -I/Applications/Momentics.app/target_10_2_0_1155/qnx6/usr/share/qt4/mkspecs/blackberry-armv7le-qcc -I../../Utilidades2 -I/Applications/Momentics.app/target_10_2_0_1155/qnx6/usr/include/qt4/QtCore -I/Applications/Momentics.app/target_10_2_0_1155/qnx6/usr/include/qt4/QtDeclarative -I/Applications/Momentics.app/target_10_2_0_1155/qnx6/usr/include/qt4 -I../src -Io.le-v7-g/.moc -I/Applications/Momentics.app/target_10_2_0_1155/qnx6/usr/include -I/Applications/Momentics.app/target_10_2_0_1155/qnx6/usr/include/freetype2 -I. -x c++-header -c ../precompiled.h -o o.le-v7-g/.obj/Utilidades2.gch/c++
qcc -Vgcc_ntoarmv7le -c -Wc,-include -Wc,o.le-v7-g/.obj/Utilidades2 -Wno-psabi -lang-c++ -fstack-protector -fstack-protector-all -mcpu=cortex-a9 -g -Wno-psabi -Wall -W -D_REENTRANT -DQT_NO_IMPORT_QT47_QML -DQ_OS_BLACKBERRY -DQT_DECLARATIVE_DEBUG -DQT_DECLARATIVE_LIB -DQT_CORE_LIB -DQT_SHARED -I/Applications/Momentics.app/target_10_2_0_1155/qnx6/usr/share/qt4/mkspecs/blackberry-armv7le-qcc -I../../Utilidades2 -I/Applications/Momentics.app/target_10_2_0_1155/qnx6/usr/include/qt4/QtCore -I/Applications/Momentics.app/target_10_2_0_1155/qnx6/usr/include/qt4/QtDeclarative -I/Applications/Momentics.app/target_10_2_0_1155/qnx6/usr/include/qt4 -I../src -Io.le-v7-g/.moc -I/Applications/Momentics.app/target_10_2_0_1155/qnx6/usr/include -I/Applications/Momentics.app/target_10_2_0_1155/qnx6/usr/include/freetype2 -I. -o o.le-v7-g/.obj/applicationui.o ../src/applicationui.cpp
qcc -Vgcc_ntoarmv7le -c -Wc,-include -Wc,o.le-v7-g/.obj/Utilidades2 -Wno-psabi -lang-c++ -fstack-protector -fstack-protector-all -mcpu=cortex-a9 -g -Wno-psabi -Wall -W -D_REENTRANT -DQT_NO_IMPORT_QT47_QML -DQ_OS_BLACKBERRY -DQT_DECLARATIVE_DEBUG -DQT_DECLARATIVE_LIB -DQT_CORE_LIB -DQT_SHARED -I/Applications/Momentics.app/target_10_2_0_1155/qnx6/usr/share/qt4/mkspecs/blackberry-armv7le-qcc -I../../Utilidades2 -I/Applications/Momentics.app/target_10_2_0_1155/qnx6/usr/include/qt4/QtCore -I/Applications/Momentics.app/target_10_2_0_1155/qnx6/usr/include/qt4/QtDeclarative -I/Applications/Momentics.app/target_10_2_0_1155/qnx6/usr/include/qt4 -I../src -Io.le-v7-g/.moc -I/Applications/Momentics.app/target_10_2_0_1155/qnx6/usr/include -I/Applications/Momentics.app/target_10_2_0_1155/qnx6/usr/include/freetype2 -I. -o o.le-v7-g/.obj/main.o ../src/main.cpp
qcc -Vgcc_ntoarmv7le -c -Wc,-include -Wc,o.le-v7-g/.obj/Utilidades2 -Wno-psabi -lang-c++ -fstack-protector -fstack-protector-all -mcpu=cortex-a9 -g -Wno-psabi -Wall -W -D_REENTRANT -DQT_NO_IMPORT_QT47_QML -DQ_OS_BLACKBERRY -DQT_DECLARATIVE_DEBUG -DQT_DECLARATIVE_LIB -DQT_CORE_LIB -DQT_SHARED -I/Applications/Momentics.app/target_10_2_0_1155/qnx6/usr/share/qt4/mkspecs/blackberry-armv7le-qcc -I../../Utilidades2 -I/Applications/Momentics.app/target_10_2_0_1155/qnx6/usr/include/qt4/QtCore -I/Applications/Momentics.app/target_10_2_0_1155/qnx6/usr/include/qt4/QtDeclarative -I/Applications/Momentics.app/target_10_2_0_1155/qnx6/usr/include/qt4 -I../src -Io.le-v7-g/.moc -I/Applications/Momentics.app/target_10_2_0_1155/qnx6/usr/include -I/Applications/Momentics.app/target_10_2_0_1155/qnx6/usr/include/freetype2 -I. -o o.le-v7-g/.obj/moc_applicationui.o o.le-v7-g/.moc/moc_applicationui.cpp
qcc -Vgcc_ntoarmv7le -lang-c++ -Wl,-rpath-link,/Applications/Momentics.app/target_10_2_0_1155/qnx6/armle-v7/lib -Wl,-rpath-link,/Applications/Momentics.app/target_10_2_0_1155/qnx6/armle-v7/usr/lib -Wl,-rpath-link,/Applications/Momentics.app/target_10_2_0_1155/qnx6/armle-v7/usr/lib/qt4/lib -o o.le-v7-g/Utilidades2 o.le-v7-g/.obj/applicationui.o o.le-v7-g/.obj/main.o o.le-v7-g/.obj/moc_applicationui.o    -L/Applications/Momentics.app/target_10_2_0_1155/qnx6/armle-v7/lib -L/Applications/Momentics.app/target_10_2_0_1155/qnx6/armle-v7/usr/lib -L/Applications/Momentics.app/target_10_2_0_1155/qnx6/armle-v7/usr/lib/qt4/lib -L/Applications/Momentics.app/target_10_2_0_1155/qnx6//usr/lib/qt4/lib -lbbcascades -lQtDeclarative -lQtScript -lQtSvg -lQtSql -lsqlite3 -lz -lQtXmlPatterns -lQtGui -lQtNetwork -lsocket -lQtCore -lm -lbps 
make[2]: Leaving directory `/Users/diegomartin/Development/GitHub/BlackBerryDevUSAL/Utilidades2/arm'
make[1]: Leaving directory `/Users/diegomartin/Development/GitHub/BlackBerryDevUSAL/Utilidades2/arm'
18:18:03 **** Incremental Build of configuration Simulator-Debug for project Utilidades2 ****
make -j3 Simulator-Debug 
make -C .//translations -f Makefile update
cd x86 && /Applications/Momentics.app/host_10_2_0_15/darwin/x86/usr/bin/qmake -spec blackberry-x86-qcc ../Utilidades2.pro  CONFIG+=debug_and_release CONFIG+=simulator
make[1]: Entering directory `/Users/diegomartin/Development/GitHub/BlackBerryDevUSAL/Utilidades2/translations'
/Applications/Momentics.app/host_10_2_0_15/darwin/x86/usr/bin/lupdate Utilidades2.pro
Updating 'Utilidades2.ts'...
    Found 3 source text(s) (1 new and 2 already existing)
    Kept 2 obsolete entries
make[1]: Leaving directory `/Users/diegomartin/Development/GitHub/BlackBerryDevUSAL/Utilidades2/translations'
make -C .//translations -f Makefile release
make[1]: Entering directory `/Users/diegomartin/Development/GitHub/BlackBerryDevUSAL/Utilidades2/translations'
/Applications/Momentics.app/host_10_2_0_15/darwin/x86/usr/bin/lrelease Utilidades2.pro
Updating '/Users/diegomartin/Development/GitHub/BlackBerryDevUSAL/Utilidades2/translations/Utilidades2.qm'...
    Generated 0 translation(s) (0 finished and 0 unfinished)
    Ignored 3 untranslated source text(s)
make[1]: Leaving directory `/Users/diegomartin/Development/GitHub/BlackBerryDevUSAL/Utilidades2/translations'
make -C ./x86 -f Makefile debug
make[1]: Entering directory `/Users/diegomartin/Development/GitHub/BlackBerryDevUSAL/Utilidades2/x86'
make -f Makefile.Debug
make[2]: Entering directory `/Users/diegomartin/Development/GitHub/BlackBerryDevUSAL/Utilidades2/x86'
/Applications/Momentics.app/host_10_2_0_15/darwin/x86/usr/bin/moc -DQT_NO_IMPORT_QT47_QML -DQ_OS_BLACKBERRY -DQT_DECLARATIVE_DEBUG -DQT_DECLARATIVE_LIB -DQT_CORE_LIB -DQT_SHARED -I/Applications/Momentics.app/target_10_2_0_1155/qnx6/usr/share/qt4/mkspecs/blackberry-x86-qcc -I../../Utilidades2 -I/Applications/Momentics.app/target_10_2_0_1155/qnx6/usr/include/qt4/QtCore -I/Applications/Momentics.app/target_10_2_0_1155/qnx6/usr/include/qt4/QtDeclarative -I/Applications/Momentics.app/target_10_2_0_1155/qnx6/usr/include/qt4 -I../src -Io-g/.moc -I/Applications/Momentics.app/target_10_2_0_1155/qnx6/usr/include -I/Applications/Momentics.app/target_10_2_0_1155/qnx6/usr/include/freetype2 -I. -D__QNXNTO__ ../src/applicationui.hpp -o o-g/.moc/moc_applicationui.cpp
qcc -Vgcc_ntox86 -Wno-psabi -lang-c++ -fstack-protector -fstack-protector-all -g -Wno-psabi -Wall -W -D_REENTRANT -DQT_NO_IMPORT_QT47_QML -DQ_OS_BLACKBERRY -DQT_DECLARATIVE_DEBUG -DQT_DECLARATIVE_LIB -DQT_CORE_LIB -DQT_SHARED -I/Applications/Momentics.app/target_10_2_0_1155/qnx6/usr/share/qt4/mkspecs/blackberry-x86-qcc -I../../Utilidades2 -I/Applications/Momentics.app/target_10_2_0_1155/qnx6/usr/include/qt4/QtCore -I/Applications/Momentics.app/target_10_2_0_1155/qnx6/usr/include/qt4/QtDeclarative -I/Applications/Momentics.app/target_10_2_0_1155/qnx6/usr/include/qt4 -I../src -Io-g/.moc -I/Applications/Momentics.app/target_10_2_0_1155/qnx6/usr/include -I/Applications/Momentics.app/target_10_2_0_1155/qnx6/usr/include/freetype2 -I. -x c++-header -c ../precompiled.h -o o-g/.obj/Utilidades2.gch/c++
qcc -Vgcc_ntox86 -c -Wc,-include -Wc,o-g/.obj/Utilidades2 -Wno-psabi -lang-c++ -fstack-protector -fstack-protector-all -g -Wno-psabi -Wall -W -D_REENTRANT -DQT_NO_IMPORT_QT47_QML -DQ_OS_BLACKBERRY -DQT_DECLARATIVE_DEBUG -DQT_DECLARATIVE_LIB -DQT_CORE_LIB -DQT_SHARED -I/Applications/Momentics.app/target_10_2_0_1155/qnx6/usr/share/qt4/mkspecs/blackberry-x86-qcc -I../../Utilidades2 -I/Applications/Momentics.app/target_10_2_0_1155/qnx6/usr/include/qt4/QtCore -I/Applications/Momentics.app/target_10_2_0_1155/qnx6/usr/include/qt4/QtDeclarative -I/Applications/Momentics.app/target_10_2_0_1155/qnx6/usr/include/qt4 -I../src -Io-g/.moc -I/Applications/Momentics.app/target_10_2_0_1155/qnx6/usr/include -I/Applications/Momentics.app/target_10_2_0_1155/qnx6/usr/include/freetype2 -I. -o o-g/.obj/applicationui.o ../src/applicationui.cpp
qcc -Vgcc_ntox86 -c -Wc,-include -Wc,o-g/.obj/Utilidades2 -Wno-psabi -lang-c++ -fstack-protector -fstack-protector-all -g -Wno-psabi -Wall -W -D_REENTRANT -DQT_NO_IMPORT_QT47_QML -DQ_OS_BLACKBERRY -DQT_DECLARATIVE_DEBUG -DQT_DECLARATIVE_LIB -DQT_CORE_LIB -DQT_SHARED -I/Applications/Momentics.app/target_10_2_0_1155/qnx6/usr/share/qt4/mkspecs/blackberry-x86-qcc -I../../Utilidades2 -I/Applications/Momentics.app/target_10_2_0_1155/qnx6/usr/include/qt4/QtCore -I/Applications/Momentics.app/target_10_2_0_1155/qnx6/usr/include/qt4/QtDeclarative -I/Applications/Momentics.app/target_10_2_0_1155/qnx6/usr/include/qt4 -I../src -Io-g/.moc -I/Applications/Momentics.app/target_10_2_0_1155/qnx6/usr/include -I/Applications/Momentics.app/target_10_2_0_1155/qnx6/usr/include/freetype2 -I. -o o-g/.obj/main.o ../src/main.cpp
qcc -Vgcc_ntox86 -c -Wc,-include -Wc,o-g/.obj/Utilidades2 -Wno-psabi -lang-c++ -fstack-protector -fstack-protector-all -g -Wno-psabi -Wall -W -D_REENTRANT -DQT_NO_IMPORT_QT47_QML -DQ_OS_BLACKBERRY -DQT_DECLARATIVE_DEBUG -DQT_DECLARATIVE_LIB -DQT_CORE_LIB -DQT_SHARED -I/Applications/Momentics.app/target_10_2_0_1155/qnx6/usr/share/qt4/mkspecs/blackberry-x86-qcc -I../../Utilidades2 -I/Applications/Momentics.app/target_10_2_0_1155/qnx6/usr/include/qt4/QtCore -I/Applications/Momentics.app/target_10_2_0_1155/qnx6/usr/include/qt4/QtDeclarative -I/Applications/Momentics.app/target_10_2_0_1155/qnx6/usr/include/qt4 -I../src -Io-g/.moc -I/Applications/Momentics.app/target_10_2_0_1155/qnx6/usr/include -I/Applications/Momentics.app/target_10_2_0_1155/qnx6/usr/include/freetype2 -I. -o o-g/.obj/moc_applicationui.o o-g/.moc/moc_applicationui.cpp
qcc -Vgcc_ntox86 -lang-c++ -Wl,-rpath-link,/Applications/Momentics.app/target_10_2_0_1155/qnx6/x86/lib -Wl,-rpath-link,/Applications/Momentics.app/target_10_2_0_1155/qnx6/x86/usr/lib -Wl,-rpath-link,/Applications/Momentics.app/target_10_2_0_1155/qnx6/x86/usr/lib/qt4/lib -o o-g/Utilidades2 o-g/.obj/applicationui.o o-g/.obj/main.o o-g/.obj/moc_applicationui.o    -L/Applications/Momentics.app/target_10_2_0_1155/qnx6/x86/lib -L/Applications/Momentics.app/target_10_2_0_1155/qnx6/x86/usr/lib -L/Applications/Momentics.app/target_10_2_0_1155/qnx6/x86/usr/lib/qt4/lib -L/Applications/Momentics.app/target_10_2_0_1155/qnx6//usr/lib/qt4/lib -lbbcascades -lQtDeclarative -lQtScript -lQtSvg -lQtSql -lsqlite3 -lz -lQtXmlPatterns -lQtGui -lQtNetwork -lsocket -lQtCore -lm -lbps 
make[2]: Leaving directory `/Users/diegomartin/Development/GitHub/BlackBerryDevUSAL/Utilidades2/x86'
make[1]: Leaving directory `/Users/diegomartin/Development/GitHub/BlackBerryDevUSAL/Utilidades2/x86'
18:19:08 **** Incremental Build of configuration Simulator-Debug for project Utilidades2 ****
make -j3 Simulator-Debug 
make -C .//translations -f Makefile update
make[1]: Entering directory `/Users/diegomartin/Development/GitHub/BlackBerryDevUSAL/Utilidades2/translations'
/Applications/Momentics.app/host_10_2_0_15/darwin/x86/usr/bin/lupdate Utilidades2.pro
Updating 'Utilidades2.ts'...
    Found 3 source text(s) (0 new and 3 already existing)
make[1]: Leaving directory `/Users/diegomartin/Development/GitHub/BlackBerryDevUSAL/Utilidades2/translations'
make -C .//translations -f Makefile release
make[1]: Entering directory `/Users/diegomartin/Development/GitHub/BlackBerryDevUSAL/Utilidades2/translations'
/Applications/Momentics.app/host_10_2_0_15/darwin/x86/usr/bin/lrelease Utilidades2.pro
Updating '/Users/diegomartin/Development/GitHub/BlackBerryDevUSAL/Utilidades2/translations/Utilidades2.qm'...
    Generated 0 translation(s) (0 finished and 0 unfinished)
    Ignored 3 untranslated source text(s)
make[1]: Leaving directory `/Users/diegomartin/Development/GitHub/BlackBerryDevUSAL/Utilidades2/translations'
make -C ./x86 -f Makefile debug
make[1]: Entering directory `/Users/diegomartin/Development/GitHub/BlackBerryDevUSAL/Utilidades2/x86'
make -f Makefile.Debug
make[2]: Entering directory `/Users/diegomartin/Development/GitHub/BlackBerryDevUSAL/Utilidades2/x86'
make[2]: Nothing to be done for `first'.
make[2]: Leaving directory `/Users/diegomartin/Development/GitHub/BlackBerryDevUSAL/Utilidades2/x86'
make[1]: Leaving directory `/Users/diegomartin/Development/GitHub/BlackBerryDevUSAL/Utilidades2/x86'
