23:41:50 **** Incremental Build of configuration Simulator-Debug for project utilidades ****
make -j3 Simulator-Debug 
make -C .//translations -f Makefile update
make[1]: Entering directory `/Users/diegomartin/Development/GitHub/BlackBerryDevUSAL/utilidades/translations'
/Applications/Momentics.app/host_10_1_0_237/darwin/x86/usr/bin/lupdate utilidades.pro
Updating 'utilidades.ts'...
    Found 3 source text(s) (0 new and 3 already existing)
make[1]: Leaving directory `/Users/diegomartin/Development/GitHub/BlackBerryDevUSAL/utilidades/translations'
make -C .//translations -f Makefile release
make[1]: Entering directory `/Users/diegomartin/Development/GitHub/BlackBerryDevUSAL/utilidades/translations'
/Applications/Momentics.app/host_10_1_0_237/darwin/x86/usr/bin/lrelease utilidades.pro
Updating '/Users/diegomartin/Development/GitHub/BlackBerryDevUSAL/utilidades/translations/utilidades.qm'...
    Generated 0 translation(s) (0 finished and 0 unfinished)
    Ignored 3 untranslated source text(s)
make[1]: Leaving directory `/Users/diegomartin/Development/GitHub/BlackBerryDevUSAL/utilidades/translations'
make -C ./x86 -f Makefile debug
make[1]: Entering directory `/Users/diegomartin/Development/GitHub/BlackBerryDevUSAL/utilidades/x86'
make -f Makefile.Debug
make[2]: Entering directory `/Users/diegomartin/Development/GitHub/BlackBerryDevUSAL/utilidades/x86'
make[2]: Nothing to be done for `first'.
make[2]: Leaving directory `/Users/diegomartin/Development/GitHub/BlackBerryDevUSAL/utilidades/x86'
make[1]: Leaving directory `/Users/diegomartin/Development/GitHub/BlackBerryDevUSAL/utilidades/x86'

23:41:50 Build Finished (took 269ms)

