02:30:21 **** Incremental Build of configuration Simulator-Debug for project Utilities ****
make -j3 Simulator-Debug 
make -C .//translations -f Makefile update
make[1]: Entering directory `/Users/diegomartin/Development/GitHub/BlackBerryDevUSAL/Utilities/translations'
/Applications/Momentics.app/host_10_2_0_15/darwin/x86/usr/bin/lupdate Utilities.pro
Updating 'Utilities.ts'...
    Found 3 source text(s) (0 new and 3 already existing)
    Kept 1 obsolete entries
make[1]: Leaving directory `/Users/diegomartin/Development/GitHub/BlackBerryDevUSAL/Utilities/translations'
make -C .//translations -f Makefile release
make[1]: Entering directory `/Users/diegomartin/Development/GitHub/BlackBerryDevUSAL/Utilities/translations'
/Applications/Momentics.app/host_10_2_0_15/darwin/x86/usr/bin/lrelease Utilities.pro
Updating '/Users/diegomartin/Development/GitHub/BlackBerryDevUSAL/Utilities/translations/Utilities.qm'...
    Generated 0 translation(s) (0 finished and 0 unfinished)
    Ignored 3 untranslated source text(s)
make[1]: Leaving directory `/Users/diegomartin/Development/GitHub/BlackBerryDevUSAL/Utilities/translations'
make -C ./x86 -f Makefile debug
make[1]: Entering directory `/Users/diegomartin/Development/GitHub/BlackBerryDevUSAL/Utilities/x86'
make -f Makefile.Debug
make[2]: Entering directory `/Users/diegomartin/Development/GitHub/BlackBerryDevUSAL/Utilities/x86'
make[2]: Nothing to be done for `first'.
make[2]: Leaving directory `/Users/diegomartin/Development/GitHub/BlackBerryDevUSAL/Utilities/x86'
make[1]: Leaving directory `/Users/diegomartin/Development/GitHub/BlackBerryDevUSAL/Utilities/x86'

02:30:22 Build Finished (took 1s.140ms)

